[2019-12-12 10:28:05] main.CRITICAL: Could not open socket: stream_socket_client(): unable to connect to tcp://smtp.gmail.com:587 (Connection timed out) {"exception":"[object] (Magento\\Framework\\Exception\\MailException(code: 0): Could not open socket: stream_socket_client(): unable to connect to tcp://smtp.gmail.com:587 (Connection timed out) at /var/www/html/magento/app/code/MagePal/GmailSmtpApp/Model/ZendMailTwo/Smtp.php:178, Zend\\Mail\\Protocol\\Exception\\RuntimeException(code: 2): Could not open socket: stream_socket_client(): unable to connect to tcp://smtp.gmail.com:587 (Connection timed out) at /var/www/html/magento/vendor/zendframework/zend-mail/src/Protocol/AbstractProtocol.php:209)"} []
[2019-12-12 10:28:05] main.CRITICAL: No such entity with customerId = 5 {"exception":"[object] (Magento\\Framework\\Exception\\NoSuchEntityException(code: 0): No such entity with customerId = 5 at /var/www/html/magento/vendor/magento/framework/Exception/NoSuchEntityException.php:50)"} []
[2019-12-12 10:36:21] main.CRITICAL: Could not open socket: stream_socket_client(): unable to connect to tcp://smtp.gmail.com:587 (Connection timed out) {"exception":"[object] (Magento\\Framework\\Exception\\MailException(code: 0): Could not open socket: stream_socket_client(): unable to connect to tcp://smtp.gmail.com:587 (Connection timed out) at /var/www/html/magento/app/code/MagePal/GmailSmtpApp/Model/ZendMailTwo/Smtp.php:178, Zend\\Mail\\Protocol\\Exception\\RuntimeException(code: 2): Could not open socket: stream_socket_client(): unable to connect to tcp://smtp.gmail.com:587 (Connection timed out) at /var/www/html/magento/vendor/zendframework/zend-mail/src/Protocol/AbstractProtocol.php:209)"} []
[2019-12-12 10:36:21] main.CRITICAL: No such entity with customerId = 6 {"exception":"[object] (Magento\\Framework\\Exception\\NoSuchEntityException(code: 0): No such entity with customerId = 6 at /var/www/html/magento/vendor/magento/framework/Exception/NoSuchEntityException.php:50)"} []
[2019-12-12 13:06:07] temando.CRITICAL: "accountId" is required. Enter and try again. {"exception":"[object] (Magento\\Framework\\Exception\\InputException(code: 0): \"accountId\" is required. Enter and try again. at /var/www/html/magento/vendor/magento/framework/Exception/InputException.php:91)"} []
[2019-12-12 13:06:07] temando.CRITICAL: "accountId" is required. Enter and try again. {"exception":"[object] (Magento\\Framework\\Exception\\InputException(code: 0): \"accountId\" is required. Enter and try again. at /var/www/html/magento/vendor/magento/framework/Exception/InputException.php:91)"} []
[2019-12-12 13:06:23] temando.CRITICAL: "accountId" is required. Enter and try again. {"exception":"[object] (Magento\\Framework\\Exception\\InputException(code: 0): \"accountId\" is required. Enter and try again. at /var/www/html/magento/vendor/magento/framework/Exception/InputException.php:91)"} []
[2019-12-12 13:06:23] temando.CRITICAL: "accountId" is required. Enter and try again. {"exception":"[object] (Magento\\Framework\\Exception\\InputException(code: 0): \"accountId\" is required. Enter and try again. at /var/www/html/magento/vendor/magento/framework/Exception/InputException.php:91)"} []
[2019-12-13 07:08:21] main.CRITICAL: No such entity with customerId = 1 {"exception":"[object] (Magento\\Framework\\Exception\\NoSuchEntityException(code: 0): No such entity with customerId = 1 at /var/www/html/magento/vendor/magento/framework/Exception/NoSuchEntityException.php:50)"} []
[2019-12-13 07:08:21] main.CRITICAL: No such entity with customerId = 1 {"exception":"[object] (Magento\\Framework\\Exception\\NoSuchEntityException(code: 0): No such entity with customerId = 1 at /var/www/html/magento/vendor/magento/framework/Exception/NoSuchEntityException.php:50)"} []
[2019-12-13 07:08:22] main.CRITICAL: No such entity with customerId = 1 {"exception":"[object] (Magento\\Framework\\Exception\\NoSuchEntityException(code: 0): No such entity with customerId = 1 at /var/www/html/magento/vendor/magento/framework/Exception/NoSuchEntityException.php:50)"} []
[2019-12-13 07:08:22] main.CRITICAL: No such entity with customerId = 1 {"exception":"[object] (Magento\\Framework\\Exception\\NoSuchEntityException(code: 0): No such entity with customerId = 1 at /var/www/html/magento/vendor/magento/framework/Exception/NoSuchEntityException.php:50)"} []
[2019-12-13 07:10:13] main.CRITICAL: No such entity with customerId = 1 {"exception":"[object] (Magento\\Framework\\Exception\\NoSuchEntityException(code: 0): No such entity with customerId = 1 at /var/www/html/magento/vendor/magento/framework/Exception/NoSuchEntityException.php:50)"} []
[2019-12-16 05:08:10] main.CRITICAL: No such entity with customerId = 4 {"exception":"[object] (Magento\\Framework\\Exception\\NoSuchEntityException(code: 0): No such entity with customerId = 4 at /var/www/html/magento/vendor/magento/framework/Exception/NoSuchEntityException.php:50)"} []
[2019-12-16 05:08:10] main.CRITICAL: No such entity with customerId = 4 {"exception":"[object] (Magento\\Framework\\Exception\\NoSuchEntityException(code: 0): No such entity with customerId = 4 at /var/www/html/magento/vendor/magento/framework/Exception/NoSuchEntityException.php:50)"} []
[2019-12-16 05:08:11] main.CRITICAL: No such entity with customerId = 4 {"exception":"[object] (Magento\\Framework\\Exception\\NoSuchEntityException(code: 0): No such entity with customerId = 4 at /var/www/html/magento/vendor/magento/framework/Exception/NoSuchEntityException.php:50)"} []
[2019-12-16 05:08:12] main.CRITICAL: No such entity with customerId = 4 {"exception":"[object] (Magento\\Framework\\Exception\\NoSuchEntityException(code: 0): No such entity with customerId = 4 at /var/www/html/magento/vendor/magento/framework/Exception/NoSuchEntityException.php:50)"} []
[2019-12-16 05:09:04] main.CRITICAL: No such entity with customerId = 4 {"exception":"[object] (Magento\\Framework\\Exception\\NoSuchEntityException(code: 0): No such entity with customerId = 4 at /var/www/html/magento/vendor/magento/framework/Exception/NoSuchEntityException.php:50)"} []
[2019-12-16 05:26:18] main.CRITICAL: No such entity with customerId = 4 {"exception":"[object] (Magento\\Framework\\Exception\\NoSuchEntityException(code: 0): No such entity with customerId = 4 at /var/www/html/magento/vendor/magento/framework/Exception/NoSuchEntityException.php:50)"} []
[2019-12-16 05:27:00] main.CRITICAL: No such entity with customerId = 4 {"exception":"[object] (Magento\\Framework\\Exception\\NoSuchEntityException(code: 0): No such entity with customerId = 4 at /var/www/html/magento/vendor/magento/framework/Exception/NoSuchEntityException.php:50)"} []
[2019-12-16 05:27:00] main.CRITICAL: No such entity with customerId = 4 {"exception":"[object] (Magento\\Framework\\Exception\\NoSuchEntityException(code: 0): No such entity with customerId = 4 at /var/www/html/magento/vendor/magento/framework/Exception/NoSuchEntityException.php:50)"} []
[2019-12-16 05:27:01] main.CRITICAL: No such entity with customerId = 4 {"exception":"[object] (Magento\\Framework\\Exception\\NoSuchEntityException(code: 0): No such entity with customerId = 4 at /var/www/html/magento/vendor/magento/framework/Exception/NoSuchEntityException.php:50)"} []
[2019-12-16 05:27:01] main.CRITICAL: No such entity with customerId = 4 {"exception":"[object] (Magento\\Framework\\Exception\\NoSuchEntityException(code: 0): No such entity with customerId = 4 at /var/www/html/magento/vendor/magento/framework/Exception/NoSuchEntityException.php:50)"} []
[2019-12-16 05:27:15] main.CRITICAL: No such entity with customerId = 4 {"exception":"[object] (Magento\\Framework\\Exception\\NoSuchEntityException(code: 0): No such entity with customerId = 4 at /var/www/html/magento/vendor/magento/framework/Exception/NoSuchEntityException.php:50)"} []
[2019-12-16 05:37:52] main.CRITICAL: No such entity with customerId = 4 {"exception":"[object] (Magento\\Framework\\Exception\\NoSuchEntityException(code: 0): No such entity with customerId = 4 at /var/www/html/magento/vendor/magento/framework/Exception/NoSuchEntityException.php:50)"} []
[2019-12-16 05:38:10] main.CRITICAL: No such entity with customerId = 4 {"exception":"[object] (Magento\\Framework\\Exception\\NoSuchEntityException(code: 0): No such entity with customerId = 4 at /var/www/html/magento/vendor/magento/framework/Exception/NoSuchEntityException.php:50)"} []
[2019-12-16 05:38:44] main.CRITICAL: No such entity with customerId = 4 {"exception":"[object] (Magento\\Framework\\Exception\\NoSuchEntityException(code: 0): No such entity with customerId = 4 at /var/www/html/magento/vendor/magento/framework/Exception/NoSuchEntityException.php:50)"} []
[2019-12-16 05:38:44] main.CRITICAL: No such entity with customerId = 4 {"exception":"[object] (Magento\\Framework\\Exception\\NoSuchEntityException(code: 0): No such entity with customerId = 4 at /var/www/html/magento/vendor/magento/framework/Exception/NoSuchEntityException.php:50)"} []
[2019-12-16 05:38:46] main.CRITICAL: No such entity with customerId = 4 {"exception":"[object] (Magento\\Framework\\Exception\\NoSuchEntityException(code: 0): No such entity with customerId = 4 at /var/www/html/magento/vendor/magento/framework/Exception/NoSuchEntityException.php:50)"} []
[2019-12-16 05:38:54] main.CRITICAL: No such entity with customerId = 4 {"exception":"[object] (Magento\\Framework\\Exception\\NoSuchEntityException(code: 0): No such entity with customerId = 4 at /var/www/html/magento/vendor/magento/framework/Exception/NoSuchEntityException.php:50)"} []
[2019-12-16 05:45:30] main.CRITICAL: No such entity with customerId = 4 {"exception":"[object] (Magento\\Framework\\Exception\\NoSuchEntityException(code: 0): No such entity with customerId = 4 at /var/www/html/magento/vendor/magento/framework/Exception/NoSuchEntityException.php:50)"} []
[2019-12-16 05:45:32] main.CRITICAL: No such entity with customerId = 4 {"exception":"[object] (Magento\\Framework\\Exception\\NoSuchEntityException(code: 0): No such entity with customerId = 4 at /var/www/html/magento/vendor/magento/framework/Exception/NoSuchEntityException.php:50)"} []
[2019-12-16 05:54:05] main.CRITICAL: No such entity with customerId = 4 {"exception":"[object] (Magento\\Framework\\Exception\\NoSuchEntityException(code: 0): No such entity with customerId = 4 at /var/www/html/magento/vendor/magento/framework/Exception/NoSuchEntityException.php:50)"} []
[2019-12-16 05:54:55] main.CRITICAL: No such entity with customerId = 4 {"exception":"[object] (Magento\\Framework\\Exception\\NoSuchEntityException(code: 0): No such entity with customerId = 4 at /var/www/html/magento/vendor/magento/framework/Exception/NoSuchEntityException.php:50)"} []
[2019-12-16 05:54:57] main.CRITICAL: No such entity with customerId = 4 {"exception":"[object] (Magento\\Framework\\Exception\\NoSuchEntityException(code: 0): No such entity with customerId = 4 at /var/www/html/magento/vendor/magento/framework/Exception/NoSuchEntityException.php:50)"} []
[2019-12-16 05:54:59] main.CRITICAL: No such entity with customerId = 4 {"exception":"[object] (Magento\\Framework\\Exception\\NoSuchEntityException(code: 0): No such entity with customerId = 4 at /var/www/html/magento/vendor/magento/framework/Exception/NoSuchEntityException.php:50)"} []
[2019-12-16 05:55:33] main.CRITICAL: No such entity with customerId = 4 {"exception":"[object] (Magento\\Framework\\Exception\\NoSuchEntityException(code: 0): No such entity with customerId = 4 at /var/www/html/magento/vendor/magento/framework/Exception/NoSuchEntityException.php:50)"} []
[2019-12-16 05:55:50] main.CRITICAL: No such entity with customerId = 4 {"exception":"[object] (Magento\\Framework\\Exception\\NoSuchEntityException(code: 0): No such entity with customerId = 4 at /var/www/html/magento/vendor/magento/framework/Exception/NoSuchEntityException.php:50)"} []
[2019-12-16 05:56:34] main.CRITICAL: No such entity with customerId = 4 {"exception":"[object] (Magento\\Framework\\Exception\\NoSuchEntityException(code: 0): No such entity with customerId = 4 at /var/www/html/magento/vendor/magento/framework/Exception/NoSuchEntityException.php:50)"} []
[2019-12-16 05:58:36] main.CRITICAL: No such entity with customerId = 4 {"exception":"[object] (Magento\\Framework\\Exception\\NoSuchEntityException(code: 0): No such entity with customerId = 4 at /var/www/html/magento/vendor/magento/framework/Exception/NoSuchEntityException.php:50)"} []
[2019-12-16 05:59:06] main.CRITICAL: No such entity with customerId = 4 {"exception":"[object] (Magento\\Framework\\Exception\\NoSuchEntityException(code: 0): No such entity with customerId = 4 at /var/www/html/magento/vendor/magento/framework/Exception/NoSuchEntityException.php:50)"} []
[2019-12-16 05:59:06] main.CRITICAL: No such entity with customerId = 4 {"exception":"[object] (Magento\\Framework\\Exception\\NoSuchEntityException(code: 0): No such entity with customerId = 4 at /var/www/html/magento/vendor/magento/framework/Exception/NoSuchEntityException.php:50)"} []
[2019-12-16 05:59:12] main.CRITICAL: No such entity with customerId = 4 {"exception":"[object] (Magento\\Framework\\Exception\\NoSuchEntityException(code: 0): No such entity with customerId = 4 at /var/www/html/magento/vendor/magento/framework/Exception/NoSuchEntityException.php:50)"} []
[2019-12-16 05:59:13] main.CRITICAL: No such entity with customerId = 4 {"exception":"[object] (Magento\\Framework\\Exception\\NoSuchEntityException(code: 0): No such entity with customerId = 4 at /var/www/html/magento/vendor/magento/framework/Exception/NoSuchEntityException.php:50)"} []
[2019-12-16 05:59:18] main.CRITICAL: No such entity with customerId = 4 {"exception":"[object] (Magento\\Framework\\Exception\\NoSuchEntityException(code: 0): No such entity with customerId = 4 at /var/www/html/magento/vendor/magento/framework/Exception/NoSuchEntityException.php:50)"} []
[2019-12-16 06:00:05] main.CRITICAL: No such entity with customerId = 4 {"exception":"[object] (Magento\\Framework\\Exception\\NoSuchEntityException(code: 0): No such entity with customerId = 4 at /var/www/html/magento/vendor/magento/framework/Exception/NoSuchEntityException.php:50)"} []
[2019-12-16 06:00:15] main.CRITICAL: No such entity with customerId = 4 {"exception":"[object] (Magento\\Framework\\Exception\\NoSuchEntityException(code: 0): No such entity with customerId = 4 at /var/www/html/magento/vendor/magento/framework/Exception/NoSuchEntityException.php:50)"} []
[2019-12-16 06:02:07] main.CRITICAL: No such entity with customerId = 4 {"exception":"[object] (Magento\\Framework\\Exception\\NoSuchEntityException(code: 0): No such entity with customerId = 4 at /var/www/html/magento/vendor/magento/framework/Exception/NoSuchEntityException.php:50)"} []
[2019-12-16 07:23:22] main.CRITICAL: No such entity with customerId = 4 {"exception":"[object] (Magento\\Framework\\Exception\\NoSuchEntityException(code: 0): No such entity with customerId = 4 at /var/www/html/magento/vendor/magento/framework/Exception/NoSuchEntityException.php:50)"} []
[2019-12-16 07:23:22] main.CRITICAL: No such entity with customerId = 4 {"exception":"[object] (Magento\\Framework\\Exception\\NoSuchEntityException(code: 0): No such entity with customerId = 4 at /var/www/html/magento/vendor/magento/framework/Exception/NoSuchEntityException.php:50)"} []
[2019-12-16 07:23:24] main.CRITICAL: No such entity with customerId = 4 {"exception":"[object] (Magento\\Framework\\Exception\\NoSuchEntityException(code: 0): No such entity with customerId = 4 at /var/www/html/magento/vendor/magento/framework/Exception/NoSuchEntityException.php:50)"} []
[2019-12-16 07:23:24] main.CRITICAL: No such entity with customerId = 4 {"exception":"[object] (Magento\\Framework\\Exception\\NoSuchEntityException(code: 0): No such entity with customerId = 4 at /var/www/html/magento/vendor/magento/framework/Exception/NoSuchEntityException.php:50)"} []
[2019-12-16 07:23:27] main.CRITICAL: No such entity with customerId = 4 {"exception":"[object] (Magento\\Framework\\Exception\\NoSuchEntityException(code: 0): No such entity with customerId = 4 at /var/www/html/magento/vendor/magento/framework/Exception/NoSuchEntityException.php:50)"} []
[2019-12-16 07:25:51] main.CRITICAL: No such entity with customerId = 4 {"exception":"[object] (Magento\\Framework\\Exception\\NoSuchEntityException(code: 0): No such entity with customerId = 4 at /var/www/html/magento/vendor/magento/framework/Exception/NoSuchEntityException.php:50)"} []
[2019-12-16 07:27:43] main.CRITICAL: No such entity with customerId = 4 {"exception":"[object] (Magento\\Framework\\Exception\\NoSuchEntityException(code: 0): No such entity with customerId = 4 at /var/www/html/magento/vendor/magento/framework/Exception/NoSuchEntityException.php:50)"} []
[2019-12-16 07:27:44] main.CRITICAL: No such entity with customerId = 4 {"exception":"[object] (Magento\\Framework\\Exception\\NoSuchEntityException(code: 0): No such entity with customerId = 4 at /var/www/html/magento/vendor/magento/framework/Exception/NoSuchEntityException.php:50)"} []
[2019-12-16 07:27:46] main.CRITICAL: No such entity with customerId = 4 {"exception":"[object] (Magento\\Framework\\Exception\\NoSuchEntityException(code: 0): No such entity with customerId = 4 at /var/www/html/magento/vendor/magento/framework/Exception/NoSuchEntityException.php:50)"} []
[2019-12-16 07:27:47] main.CRITICAL: No such entity with customerId = 4 {"exception":"[object] (Magento\\Framework\\Exception\\NoSuchEntityException(code: 0): No such entity with customerId = 4 at /var/www/html/magento/vendor/magento/framework/Exception/NoSuchEntityException.php:50)"} []
[2019-12-16 07:28:17] main.CRITICAL: No such entity with customerId = 4 {"exception":"[object] (Magento\\Framework\\Exception\\NoSuchEntityException(code: 0): No such entity with customerId = 4 at /var/www/html/magento/vendor/magento/framework/Exception/NoSuchEntityException.php:50)"} []
[2019-12-16 07:30:30] main.CRITICAL: No such entity with customerId = 4 {"exception":"[object] (Magento\\Framework\\Exception\\NoSuchEntityException(code: 0): No such entity with customerId = 4 at /var/www/html/magento/vendor/magento/framework/Exception/NoSuchEntityException.php:50)"} []
[2019-12-16 07:31:33] main.CRITICAL: No such entity with customerId = 4 {"exception":"[object] (Magento\\Framework\\Exception\\NoSuchEntityException(code: 0): No such entity with customerId = 4 at /var/www/html/magento/vendor/magento/framework/Exception/NoSuchEntityException.php:50)"} []
[2019-12-16 07:31:34] main.CRITICAL: No such entity with customerId = 4 {"exception":"[object] (Magento\\Framework\\Exception\\NoSuchEntityException(code: 0): No such entity with customerId = 4 at /var/www/html/magento/vendor/magento/framework/Exception/NoSuchEntityException.php:50)"} []
[2019-12-16 07:31:35] main.CRITICAL: No such entity with customerId = 4 {"exception":"[object] (Magento\\Framework\\Exception\\NoSuchEntityException(code: 0): No such entity with customerId = 4 at /var/www/html/magento/vendor/magento/framework/Exception/NoSuchEntityException.php:50)"} []
[2019-12-16 07:31:36] main.CRITICAL: No such entity with customerId = 4 {"exception":"[object] (Magento\\Framework\\Exception\\NoSuchEntityException(code: 0): No such entity with customerId = 4 at /var/www/html/magento/vendor/magento/framework/Exception/NoSuchEntityException.php:50)"} []
[2019-12-16 07:32:04] main.CRITICAL: No such entity with customerId = 4 {"exception":"[object] (Magento\\Framework\\Exception\\NoSuchEntityException(code: 0): No such entity with customerId = 4 at /var/www/html/magento/vendor/magento/framework/Exception/NoSuchEntityException.php:50)"} []
[2019-12-16 07:46:22] main.CRITICAL: No such entity with customerId = 4 {"exception":"[object] (Magento\\Framework\\Exception\\NoSuchEntityException(code: 0): No such entity with customerId = 4 at /var/www/html/magento/vendor/magento/framework/Exception/NoSuchEntityException.php:50)"} []
[2019-12-17 06:02:41] main.CRITICAL: Element 'referenceBlock', attribute 'group': The attribute 'group' is not allowed.
Line: 1231
 {"exception":"[object] (Magento\\Framework\\Config\\Dom\\ValidationException(code: 0): Element 'referenceBlock', attribute 'group': The attribute 'group' is not allowed.
Line: 1231
 at /var/www/html/magento/vendor/magento/framework/Config/Dom.php:461)"} []
[2019-12-17 06:15:52] main.CRITICAL: Element 'block', attribute 'remove': The attribute 'remove' is not allowed.
Line: 1230
 {"exception":"[object] (Magento\\Framework\\Config\\Dom\\ValidationException(code: 0): Element 'block', attribute 'remove': The attribute 'remove' is not allowed.
Line: 1230
 at /var/www/html/magento/vendor/magento/framework/Config/Dom.php:461)"} []
[2019-12-17 08:58:16] main.CRITICAL: No such entity with customerId = 4 {"exception":"[object] (Magento\\Framework\\Exception\\NoSuchEntityException(code: 0): No such entity with customerId = 4 at /var/www/html/magento/vendor/magento/framework/Exception/NoSuchEntityException.php:50)"} []
[2019-12-17 08:58:16] main.CRITICAL: No such entity with customerId = 4 {"exception":"[object] (Magento\\Framework\\Exception\\NoSuchEntityException(code: 0): No such entity with customerId = 4 at /var/www/html/magento/vendor/magento/framework/Exception/NoSuchEntityException.php:50)"} []
[2019-12-17 08:58:17] main.CRITICAL: No such entity with customerId = 4 {"exception":"[object] (Magento\\Framework\\Exception\\NoSuchEntityException(code: 0): No such entity with customerId = 4 at /var/www/html/magento/vendor/magento/framework/Exception/NoSuchEntityException.php:50)"} []
[2019-12-17 08:58:17] main.CRITICAL: No such entity with customerId = 4 {"exception":"[object] (Magento\\Framework\\Exception\\NoSuchEntityException(code: 0): No such entity with customerId = 4 at /var/www/html/magento/vendor/magento/framework/Exception/NoSuchEntityException.php:50)"} []
[2019-12-17 08:58:37] main.CRITICAL: No such entity with customerId = 4 {"exception":"[object] (Magento\\Framework\\Exception\\NoSuchEntityException(code: 0): No such entity with customerId = 4 at /var/www/html/magento/vendor/magento/framework/Exception/NoSuchEntityException.php:50)"} []
[2019-12-17 09:04:39] main.CRITICAL: No such entity with customerId = 4 {"exception":"[object] (Magento\\Framework\\Exception\\NoSuchEntityException(code: 0): No such entity with customerId = 4 at /var/www/html/magento/vendor/magento/framework/Exception/NoSuchEntityException.php:50)"} []
[2019-12-17 09:04:43] main.CRITICAL: No such entity with customerId = 4 {"exception":"[object] (Magento\\Framework\\Exception\\NoSuchEntityException(code: 0): No such entity with customerId = 4 at /var/www/html/magento/vendor/magento/framework/Exception/NoSuchEntityException.php:50)"} []
[2019-12-17 09:04:45] main.CRITICAL: No such entity with customerId = 4 {"exception":"[object] (Magento\\Framework\\Exception\\NoSuchEntityException(code: 0): No such entity with customerId = 4 at /var/www/html/magento/vendor/magento/framework/Exception/NoSuchEntityException.php:50)"} []
[2019-12-17 09:06:25] main.CRITICAL: No such entity with customerId = 4 {"exception":"[object] (Magento\\Framework\\Exception\\NoSuchEntityException(code: 0): No such entity with customerId = 4 at /var/www/html/magento/vendor/magento/framework/Exception/NoSuchEntityException.php:50)"} []
[2019-12-17 09:06:26] main.CRITICAL: No such entity with customerId = 4 {"exception":"[object] (Magento\\Framework\\Exception\\NoSuchEntityException(code: 0): No such entity with customerId = 4 at /var/www/html/magento/vendor/magento/framework/Exception/NoSuchEntityException.php:50)"} []
[2019-12-17 09:06:31] main.CRITICAL: No such entity with customerId = 4 {"exception":"[object] (Magento\\Framework\\Exception\\NoSuchEntityException(code: 0): No such entity with customerId = 4 at /var/www/html/magento/vendor/magento/framework/Exception/NoSuchEntityException.php:50)"} []
[2019-12-17 09:06:33] main.CRITICAL: No such entity with customerId = 4 {"exception":"[object] (Magento\\Framework\\Exception\\NoSuchEntityException(code: 0): No such entity with customerId = 4 at /var/www/html/magento/vendor/magento/framework/Exception/NoSuchEntityException.php:50)"} []
[2019-12-17 09:10:06] main.CRITICAL: No such entity with customerId = 4 {"exception":"[object] (Magento\\Framework\\Exception\\NoSuchEntityException(code: 0): No such entity with customerId = 4 at /var/www/html/magento/vendor/magento/framework/Exception/NoSuchEntityException.php:50)"} []
[2019-12-17 09:10:06] main.CRITICAL: No such entity with customerId = 4 {"exception":"[object] (Magento\\Framework\\Exception\\NoSuchEntityException(code: 0): No such entity with customerId = 4 at /var/www/html/magento/vendor/magento/framework/Exception/NoSuchEntityException.php:50)"} []
[2019-12-17 09:10:08] main.CRITICAL: No such entity with customerId = 4 {"exception":"[object] (Magento\\Framework\\Exception\\NoSuchEntityException(code: 0): No such entity with customerId = 4 at /var/www/html/magento/vendor/magento/framework/Exception/NoSuchEntityException.php:50)"} []
[2019-12-17 09:14:03] main.CRITICAL: No such entity with customerId = 4 {"exception":"[object] (Magento\\Framework\\Exception\\NoSuchEntityException(code: 0): No such entity with customerId = 4 at /var/www/html/magento/vendor/magento/framework/Exception/NoSuchEntityException.php:50)"} []
[2019-12-17 09:14:08] main.CRITICAL: No such entity with customerId = 4 {"exception":"[object] (Magento\\Framework\\Exception\\NoSuchEntityException(code: 0): No such entity with customerId = 4 at /var/www/html/magento/vendor/magento/framework/Exception/NoSuchEntityException.php:50)"} []
[2019-12-17 09:14:10] main.CRITICAL: No such entity with customerId = 4 {"exception":"[object] (Magento\\Framework\\Exception\\NoSuchEntityException(code: 0): No such entity with customerId = 4 at /var/www/html/magento/vendor/magento/framework/Exception/NoSuchEntityException.php:50)"} []
[2019-12-17 09:15:42] main.CRITICAL: No such entity with customerId = 4 {"exception":"[object] (Magento\\Framework\\Exception\\NoSuchEntityException(code: 0): No such entity with customerId = 4 at /var/www/html/magento/vendor/magento/framework/Exception/NoSuchEntityException.php:50)"} []
[2019-12-17 09:15:42] main.CRITICAL: No such entity with customerId = 4 {"exception":"[object] (Magento\\Framework\\Exception\\NoSuchEntityException(code: 0): No such entity with customerId = 4 at /var/www/html/magento/vendor/magento/framework/Exception/NoSuchEntityException.php:50)"} []
[2019-12-17 09:15:48] main.CRITICAL: No such entity with customerId = 4 {"exception":"[object] (Magento\\Framework\\Exception\\NoSuchEntityException(code: 0): No such entity with customerId = 4 at /var/www/html/magento/vendor/magento/framework/Exception/NoSuchEntityException.php:50)"} []
[2019-12-17 09:22:51] main.CRITICAL: No such entity with customerId = 4 {"exception":"[object] (Magento\\Framework\\Exception\\NoSuchEntityException(code: 0): No such entity with customerId = 4 at /var/www/html/magento/vendor/magento/framework/Exception/NoSuchEntityException.php:50)"} []
[2019-12-17 09:23:49] main.CRITICAL: No such entity with customerId = 4 {"exception":"[object] (Magento\\Framework\\Exception\\NoSuchEntityException(code: 0): No such entity with customerId = 4 at /var/www/html/magento/vendor/magento/framework/Exception/NoSuchEntityException.php:50)"} []
[2019-12-17 09:24:26] main.CRITICAL: No such entity with customerId = 4 {"exception":"[object] (Magento\\Framework\\Exception\\NoSuchEntityException(code: 0): No such entity with customerId = 4 at /var/www/html/magento/vendor/magento/framework/Exception/NoSuchEntityException.php:50)"} []
[2019-12-17 09:24:27] main.CRITICAL: No such entity with customerId = 4 {"exception":"[object] (Magento\\Framework\\Exception\\NoSuchEntityException(code: 0): No such entity with customerId = 4 at /var/www/html/magento/vendor/magento/framework/Exception/NoSuchEntityException.php:50)"} []
[2019-12-17 09:24:29] main.CRITICAL: No such entity with customerId = 4 {"exception":"[object] (Magento\\Framework\\Exception\\NoSuchEntityException(code: 0): No such entity with customerId = 4 at /var/www/html/magento/vendor/magento/framework/Exception/NoSuchEntityException.php:50)"} []
[2019-12-17 09:24:30] main.CRITICAL: No such entity with customerId = 4 {"exception":"[object] (Magento\\Framework\\Exception\\NoSuchEntityException(code: 0): No such entity with customerId = 4 at /var/www/html/magento/vendor/magento/framework/Exception/NoSuchEntityException.php:50)"} []
[2019-12-17 09:27:05] main.CRITICAL: No such entity with customerId = 4 {"exception":"[object] (Magento\\Framework\\Exception\\NoSuchEntityException(code: 0): No such entity with customerId = 4 at /var/www/html/magento/vendor/magento/framework/Exception/NoSuchEntityException.php:50)"} []
[2019-12-17 09:27:51] main.CRITICAL: No such entity with customerId = 4 {"exception":"[object] (Magento\\Framework\\Exception\\NoSuchEntityException(code: 0): No such entity with customerId = 4 at /var/www/html/magento/vendor/magento/framework/Exception/NoSuchEntityException.php:50)"} []
[2019-12-17 09:27:52] main.CRITICAL: No such entity with customerId = 4 {"exception":"[object] (Magento\\Framework\\Exception\\NoSuchEntityException(code: 0): No such entity with customerId = 4 at /var/www/html/magento/vendor/magento/framework/Exception/NoSuchEntityException.php:50)"} []
[2019-12-17 09:27:55] main.CRITICAL: No such entity with customerId = 4 {"exception":"[object] (Magento\\Framework\\Exception\\NoSuchEntityException(code: 0): No such entity with customerId = 4 at /var/www/html/magento/vendor/magento/framework/Exception/NoSuchEntityException.php:50)"} []
[2019-12-17 09:27:57] main.CRITICAL: No such entity with customerId = 4 {"exception":"[object] (Magento\\Framework\\Exception\\NoSuchEntityException(code: 0): No such entity with customerId = 4 at /var/www/html/magento/vendor/magento/framework/Exception/NoSuchEntityException.php:50)"} []
[2019-12-17 09:29:06] main.CRITICAL: No such entity with customerId = 4 {"exception":"[object] (Magento\\Framework\\Exception\\NoSuchEntityException(code: 0): No such entity with customerId = 4 at /var/www/html/magento/vendor/magento/framework/Exception/NoSuchEntityException.php:50)"} []
[2019-12-17 09:29:06] main.CRITICAL: No such entity with customerId = 4 {"exception":"[object] (Magento\\Framework\\Exception\\NoSuchEntityException(code: 0): No such entity with customerId = 4 at /var/www/html/magento/vendor/magento/framework/Exception/NoSuchEntityException.php:50)"} []
[2019-12-17 09:29:09] main.CRITICAL: No such entity with customerId = 4 {"exception":"[object] (Magento\\Framework\\Exception\\NoSuchEntityException(code: 0): No such entity with customerId = 4 at /var/www/html/magento/vendor/magento/framework/Exception/NoSuchEntityException.php:50)"} []
[2019-12-17 09:29:18] main.CRITICAL: No such entity with customerId = 4 {"exception":"[object] (Magento\\Framework\\Exception\\NoSuchEntityException(code: 0): No such entity with customerId = 4 at /var/www/html/magento/vendor/magento/framework/Exception/NoSuchEntityException.php:50)"} []
[2019-12-17 09:29:19] main.CRITICAL: No such entity with customerId = 4 {"exception":"[object] (Magento\\Framework\\Exception\\NoSuchEntityException(code: 0): No such entity with customerId = 4 at /var/www/html/magento/vendor/magento/framework/Exception/NoSuchEntityException.php:50)"} []
[2019-12-17 09:45:13] main.CRITICAL: No such entity with customerId = 4 {"exception":"[object] (Magento\\Framework\\Exception\\NoSuchEntityException(code: 0): No such entity with customerId = 4 at /var/www/html/magento/vendor/magento/framework/Exception/NoSuchEntityException.php:50)"} []
[2019-12-17 09:45:14] main.CRITICAL: No such entity with customerId = 4 {"exception":"[object] (Magento\\Framework\\Exception\\NoSuchEntityException(code: 0): No such entity with customerId = 4 at /var/www/html/magento/vendor/magento/framework/Exception/NoSuchEntityException.php:50)"} []
[2019-12-17 09:45:19] main.CRITICAL: No such entity with customerId = 4 {"exception":"[object] (Magento\\Framework\\Exception\\NoSuchEntityException(code: 0): No such entity with customerId = 4 at /var/www/html/magento/vendor/magento/framework/Exception/NoSuchEntityException.php:50)"} []
[2019-12-17 09:45:21] main.CRITICAL: No such entity with customerId = 4 {"exception":"[object] (Magento\\Framework\\Exception\\NoSuchEntityException(code: 0): No such entity with customerId = 4 at /var/www/html/magento/vendor/magento/framework/Exception/NoSuchEntityException.php:50)"} []
[2019-12-17 09:53:35] main.CRITICAL: No such entity with customerId = 4 {"exception":"[object] (Magento\\Framework\\Exception\\NoSuchEntityException(code: 0): No such entity with customerId = 4 at /var/www/html/magento/vendor/magento/framework/Exception/NoSuchEntityException.php:50)"} []
[2019-12-17 09:53:35] main.CRITICAL: No such entity with customerId = 4 {"exception":"[object] (Magento\\Framework\\Exception\\NoSuchEntityException(code: 0): No such entity with customerId = 4 at /var/www/html/magento/vendor/magento/framework/Exception/NoSuchEntityException.php:50)"} []
[2019-12-17 09:53:45] main.CRITICAL: No such entity with customerId = 4 {"exception":"[object] (Magento\\Framework\\Exception\\NoSuchEntityException(code: 0): No such entity with customerId = 4 at /var/www/html/magento/vendor/magento/framework/Exception/NoSuchEntityException.php:50)"} []
[2019-12-17 09:53:53] main.CRITICAL: No such entity with customerId = 4 {"exception":"[object] (Magento\\Framework\\Exception\\NoSuchEntityException(code: 0): No such entity with customerId = 4 at /var/www/html/magento/vendor/magento/framework/Exception/NoSuchEntityException.php:50)"} []
[2019-12-17 09:54:31] main.CRITICAL: No such entity with customerId = 4 {"exception":"[object] (Magento\\Framework\\Exception\\NoSuchEntityException(code: 0): No such entity with customerId = 4 at /var/www/html/magento/vendor/magento/framework/Exception/NoSuchEntityException.php:50)"} []
[2019-12-17 09:54:31] main.CRITICAL: No such entity with customerId = 4 {"exception":"[object] (Magento\\Framework\\Exception\\NoSuchEntityException(code: 0): No such entity with customerId = 4 at /var/www/html/magento/vendor/magento/framework/Exception/NoSuchEntityException.php:50)"} []
[2019-12-17 09:54:34] main.CRITICAL: No such entity with customerId = 4 {"exception":"[object] (Magento\\Framework\\Exception\\NoSuchEntityException(code: 0): No such entity with customerId = 4 at /var/www/html/magento/vendor/magento/framework/Exception/NoSuchEntityException.php:50)"} []
[2019-12-17 09:54:35] main.CRITICAL: No such entity with customerId = 4 {"exception":"[object] (Magento\\Framework\\Exception\\NoSuchEntityException(code: 0): No such entity with customerId = 4 at /var/www/html/magento/vendor/magento/framework/Exception/NoSuchEntityException.php:50)"} []
[2019-12-17 09:58:47] main.CRITICAL: No such entity with customerId = 4 {"exception":"[object] (Magento\\Framework\\Exception\\NoSuchEntityException(code: 0): No such entity with customerId = 4 at /var/www/html/magento/vendor/magento/framework/Exception/NoSuchEntityException.php:50)"} []
[2019-12-17 09:58:50] main.CRITICAL: No such entity with customerId = 4 {"exception":"[object] (Magento\\Framework\\Exception\\NoSuchEntityException(code: 0): No such entity with customerId = 4 at /var/www/html/magento/vendor/magento/framework/Exception/NoSuchEntityException.php:50)"} []
[2019-12-17 09:59:28] main.CRITICAL: No such entity with customerId = 4 {"exception":"[object] (Magento\\Framework\\Exception\\NoSuchEntityException(code: 0): No such entity with customerId = 4 at /var/www/html/magento/vendor/magento/framework/Exception/NoSuchEntityException.php:50)"} []
[2019-12-17 09:59:28] main.CRITICAL: No such entity with customerId = 4 {"exception":"[object] (Magento\\Framework\\Exception\\NoSuchEntityException(code: 0): No such entity with customerId = 4 at /var/www/html/magento/vendor/magento/framework/Exception/NoSuchEntityException.php:50)"} []
[2019-12-17 09:59:31] main.CRITICAL: No such entity with customerId = 4 {"exception":"[object] (Magento\\Framework\\Exception\\NoSuchEntityException(code: 0): No such entity with customerId = 4 at /var/www/html/magento/vendor/magento/framework/Exception/NoSuchEntityException.php:50)"} []
[2019-12-17 09:59:32] main.CRITICAL: No such entity with customerId = 4 {"exception":"[object] (Magento\\Framework\\Exception\\NoSuchEntityException(code: 0): No such entity with customerId = 4 at /var/www/html/magento/vendor/magento/framework/Exception/NoSuchEntityException.php:50)"} []
[2019-12-17 10:02:53] main.CRITICAL: No such entity with customerId = 4 {"exception":"[object] (Magento\\Framework\\Exception\\NoSuchEntityException(code: 0): No such entity with customerId = 4 at /var/www/html/magento/vendor/magento/framework/Exception/NoSuchEntityException.php:50)"} []
[2019-12-17 10:07:58] main.CRITICAL: Notice: Undefined variable: customComment in /var/www/html/magento/app/code/TrainingManish/SalesCustomField/Observer/Emailtemplatevars.php on line 36 {"exception":"[object] (Exception(code: 0): Notice: Undefined variable: customComment in /var/www/html/magento/app/code/TrainingManish/SalesCustomField/Observer/Emailtemplatevars.php on line 36 at /var/www/html/magento/vendor/magento/framework/App/ErrorHandler.php:61)"} []
[2019-12-17 10:07:58] main.CRITICAL: No such entity with customerId = 4 {"exception":"[object] (Magento\\Framework\\Exception\\NoSuchEntityException(code: 0): No such entity with customerId = 4 at /var/www/html/magento/vendor/magento/framework/Exception/NoSuchEntityException.php:50)"} []
[2019-12-17 10:07:59] main.CRITICAL: No such entity with customerId = 4 {"exception":"[object] (Magento\\Framework\\Exception\\NoSuchEntityException(code: 0): No such entity with customerId = 4 at /var/www/html/magento/vendor/magento/framework/Exception/NoSuchEntityException.php:50)"} []
[2019-12-17 10:08:01] main.CRITICAL: No such entity with customerId = 4 {"exception":"[object] (Magento\\Framework\\Exception\\NoSuchEntityException(code: 0): No such entity with customerId = 4 at /var/www/html/magento/vendor/magento/framework/Exception/NoSuchEntityException.php:50)"} []
[2019-12-17 10:08:03] main.CRITICAL: No such entity with customerId = 4 {"exception":"[object] (Magento\\Framework\\Exception\\NoSuchEntityException(code: 0): No such entity with customerId = 4 at /var/www/html/magento/vendor/magento/framework/Exception/NoSuchEntityException.php:50)"} []
[2019-12-17 10:11:23] main.CRITICAL: No such entity with customerId = 4 {"exception":"[object] (Magento\\Framework\\Exception\\NoSuchEntityException(code: 0): No such entity with customerId = 4 at /var/www/html/magento/vendor/magento/framework/Exception/NoSuchEntityException.php:50)"} []
[2019-12-17 10:11:39] main.CRITICAL: Warning: Invalid argument supplied for foreach() in /var/www/html/magento/app/code/TrainingManish/SalesCustomField/Observer/Emailtemplatevars.php on line 33 {"exception":"[object] (Exception(code: 0): Warning: Invalid argument supplied for foreach() in /var/www/html/magento/app/code/TrainingManish/SalesCustomField/Observer/Emailtemplatevars.php on line 33 at /var/www/html/magento/vendor/magento/framework/App/ErrorHandler.php:61)"} []
[2019-12-17 10:11:39] main.CRITICAL: No such entity with customerId = 4 {"exception":"[object] (Magento\\Framework\\Exception\\NoSuchEntityException(code: 0): No such entity with customerId = 4 at /var/www/html/magento/vendor/magento/framework/Exception/NoSuchEntityException.php:50)"} []
[2019-12-17 10:11:39] main.CRITICAL: No such entity with customerId = 4 {"exception":"[object] (Magento\\Framework\\Exception\\NoSuchEntityException(code: 0): No such entity with customerId = 4 at /var/www/html/magento/vendor/magento/framework/Exception/NoSuchEntityException.php:50)"} []
[2019-12-17 10:11:40] main.CRITICAL: No such entity with customerId = 4 {"exception":"[object] (Magento\\Framework\\Exception\\NoSuchEntityException(code: 0): No such entity with customerId = 4 at /var/www/html/magento/vendor/magento/framework/Exception/NoSuchEntityException.php:50)"} []
[2019-12-17 10:11:40] main.CRITICAL: No such entity with customerId = 4 {"exception":"[object] (Magento\\Framework\\Exception\\NoSuchEntityException(code: 0): No such entity with customerId = 4 at /var/www/html/magento/vendor/magento/framework/Exception/NoSuchEntityException.php:50)"} []
[2019-12-17 10:14:03] main.CRITICAL: No such entity with customerId = 4 {"exception":"[object] (Magento\\Framework\\Exception\\NoSuchEntityException(code: 0): No such entity with customerId = 4 at /var/www/html/magento/vendor/magento/framework/Exception/NoSuchEntityException.php:50)"} []
[2019-12-17 10:14:46] main.CRITICAL: No such entity with customerId = 4 {"exception":"[object] (Magento\\Framework\\Exception\\NoSuchEntityException(code: 0): No such entity with customerId = 4 at /var/www/html/magento/vendor/magento/framework/Exception/NoSuchEntityException.php:50)"} []
[2019-12-17 10:14:47] main.CRITICAL: No such entity with customerId = 4 {"exception":"[object] (Magento\\Framework\\Exception\\NoSuchEntityException(code: 0): No such entity with customerId = 4 at /var/www/html/magento/vendor/magento/framework/Exception/NoSuchEntityException.php:50)"} []
[2019-12-17 10:14:51] main.CRITICAL: No such entity with customerId = 4 {"exception":"[object] (Magento\\Framework\\Exception\\NoSuchEntityException(code: 0): No such entity with customerId = 4 at /var/www/html/magento/vendor/magento/framework/Exception/NoSuchEntityException.php:50)"} []
[2019-12-17 10:14:52] main.CRITICAL: No such entity with customerId = 4 {"exception":"[object] (Magento\\Framework\\Exception\\NoSuchEntityException(code: 0): No such entity with customerId = 4 at /var/www/html/magento/vendor/magento/framework/Exception/NoSuchEntityException.php:50)"} []
[2019-12-17 10:15:31] main.CRITICAL: No such entity with customerId = 4 {"exception":"[object] (Magento\\Framework\\Exception\\NoSuchEntityException(code: 0): No such entity with customerId = 4 at /var/www/html/magento/vendor/magento/framework/Exception/NoSuchEntityException.php:50)"} []
[2019-12-17 10:23:28] main.CRITICAL: No such entity with customerId = 4 {"exception":"[object] (Magento\\Framework\\Exception\\NoSuchEntityException(code: 0): No such entity with customerId = 4 at /var/www/html/magento/vendor/magento/framework/Exception/NoSuchEntityException.php:50)"} []
[2019-12-17 10:23:28] main.CRITICAL: No such entity with customerId = 4 {"exception":"[object] (Magento\\Framework\\Exception\\NoSuchEntityException(code: 0): No such entity with customerId = 4 at /var/www/html/magento/vendor/magento/framework/Exception/NoSuchEntityException.php:50)"} []
[2019-12-17 10:23:29] main.CRITICAL: No such entity with customerId = 4 {"exception":"[object] (Magento\\Framework\\Exception\\NoSuchEntityException(code: 0): No such entity with customerId = 4 at /var/www/html/magento/vendor/magento/framework/Exception/NoSuchEntityException.php:50)"} []
[2019-12-17 10:23:58] main.CRITICAL: No such entity with customerId = 4 {"exception":"[object] (Magento\\Framework\\Exception\\NoSuchEntityException(code: 0): No such entity with customerId = 4 at /var/www/html/magento/vendor/magento/framework/Exception/NoSuchEntityException.php:50)"} []
[2019-12-17 10:24:01] main.CRITICAL: No such entity with customerId = 4 {"exception":"[object] (Magento\\Framework\\Exception\\NoSuchEntityException(code: 0): No such entity with customerId = 4 at /var/www/html/magento/vendor/magento/framework/Exception/NoSuchEntityException.php:50)"} []
[2019-12-17 10:27:10] main.CRITICAL: No such entity with customerId = 4 {"exception":"[object] (Magento\\Framework\\Exception\\NoSuchEntityException(code: 0): No such entity with customerId = 4 at /var/www/html/magento/vendor/magento/framework/Exception/NoSuchEntityException.php:50)"} []
[2019-12-17 10:27:10] main.CRITICAL: No such entity with customerId = 4 {"exception":"[object] (Magento\\Framework\\Exception\\NoSuchEntityException(code: 0): No such entity with customerId = 4 at /var/www/html/magento/vendor/magento/framework/Exception/NoSuchEntityException.php:50)"} []
[2019-12-17 10:27:10] main.CRITICAL: No such entity with customerId = 4 {"exception":"[object] (Magento\\Framework\\Exception\\NoSuchEntityException(code: 0): No such entity with customerId = 4 at /var/www/html/magento/vendor/magento/framework/Exception/NoSuchEntityException.php:50)"} []
[2019-12-17 10:27:10] main.CRITICAL: No such entity with customerId = 4 {"exception":"[object] (Magento\\Framework\\Exception\\NoSuchEntityException(code: 0): No such entity with customerId = 4 at /var/www/html/magento/vendor/magento/framework/Exception/NoSuchEntityException.php:50)"} []
[2019-12-17 10:27:31] main.CRITICAL: No such entity with customerId = 4 {"exception":"[object] (Magento\\Framework\\Exception\\NoSuchEntityException(code: 0): No such entity with customerId = 4 at /var/www/html/magento/vendor/magento/framework/Exception/NoSuchEntityException.php:50)"} []
[2019-12-17 10:28:39] main.CRITICAL: No such entity with customerId = 4 {"exception":"[object] (Magento\\Framework\\Exception\\NoSuchEntityException(code: 0): No such entity with customerId = 4 at /var/www/html/magento/vendor/magento/framework/Exception/NoSuchEntityException.php:50)"} []
[2019-12-17 10:29:47] main.CRITICAL: No such entity with customerId = 4 {"exception":"[object] (Magento\\Framework\\Exception\\NoSuchEntityException(code: 0): No such entity with customerId = 4 at /var/www/html/magento/vendor/magento/framework/Exception/NoSuchEntityException.php:50)"} []
[2019-12-17 10:29:47] main.CRITICAL: No such entity with customerId = 4 {"exception":"[object] (Magento\\Framework\\Exception\\NoSuchEntityException(code: 0): No such entity with customerId = 4 at /var/www/html/magento/vendor/magento/framework/Exception/NoSuchEntityException.php:50)"} []
[2019-12-17 10:29:48] main.CRITICAL: No such entity with customerId = 4 {"exception":"[object] (Magento\\Framework\\Exception\\NoSuchEntityException(code: 0): No such entity with customerId = 4 at /var/www/html/magento/vendor/magento/framework/Exception/NoSuchEntityException.php:50)"} []
[2019-12-17 10:29:48] main.CRITICAL: No such entity with customerId = 4 {"exception":"[object] (Magento\\Framework\\Exception\\NoSuchEntityException(code: 0): No such entity with customerId = 4 at /var/www/html/magento/vendor/magento/framework/Exception/NoSuchEntityException.php:50)"} []
